2020-09-29 13:48:45,503 - hum_running_4.py[line:356] - INFO: 请切换到manual模式
2020-09-29 13:48:45,504 - hum_running_4.py[line:360] - INFO: 请解锁
2020-09-29 14:57:54,631 - hum_running_4.py[line:356] - INFO: 请切换到manual模式
2020-09-29 14:57:54,631 - hum_running_4.py[line:360] - INFO: 请解锁
2020-09-29 15:30:38,617 - /home/ubuntu/catkin_ws/src/hum_running/nodes/hum_running.py[line:357] - INFO: 请切换到manual模式
2020-09-29 15:30:38,618 - /home/ubuntu/catkin_ws/src/hum_running/nodes/hum_running.py[line:361] - INFO: 请解锁
2020-09-29 15:30:57,786 - /home/ubuntu/catkin_ws/src/hum_running/nodes/hum_running.py[line:337] - INFO: 遥控模式
2020-09-29 15:31:00,800 - /home/ubuntu/catkin_ws/src/hum_running/nodes/hum_running.py[line:361] - INFO: 请解锁
2020-09-29 15:33:29,202 - /home/ubuntu/catkin_ws/src/hum_running/nodes/hum_running.py[line:357] - INFO: 请切换到manual模式
2020-09-29 15:33:29,203 - /home/ubuntu/catkin_ws/src/hum_running/nodes/hum_running.py[line:361] - INFO: 请解锁
2020-09-29 15:33:49,587 - /home/ubuntu/catkin_ws/src/hum_running/nodes/hum_running.py[line:337] - INFO: 遥控模式
2020-09-29 15:33:52,600 - /home/ubuntu/catkin_ws/src/hum_running/nodes/hum_running.py[line:361] - INFO: 请解锁
2020-09-29 15:35:14,460 - /home/ubuntu/catkin_ws/src/hum_running/nodes/hum_running.py[line:357] - INFO: 请切换到manual模式
2020-09-29 15:35:14,460 - /home/ubuntu/catkin_ws/src/hum_running/nodes/hum_running.py[line:361] - INFO: 请解锁
2020-09-29 15:35:43,040 - /home/ubuntu/catkin_ws/src/hum_running/nodes/hum_running.py[line:357] - INFO: 请切换到manual模式
2020-09-29 15:35:43,042 - /home/ubuntu/catkin_ws/src/hum_running/nodes/hum_running.py[line:361] - INFO: 请解锁
2020-09-29 15:51:47,851 - /home/ubuntu/catkin_ws/src/hum_running/nodes/hum_running.py[line:357] - INFO: 请切换到manual模式
2020-09-29 15:51:47,852 - /home/ubuntu/catkin_ws/src/hum_running/nodes/hum_running.py[line:361] - INFO: 请解锁
2020-09-29 15:52:19,348 - /home/ubuntu/catkin_ws/src/hum_running/nodes/hum_running.py[line:357] - INFO: 请切换到manual模式
2020-09-29 15:52:19,348 - /home/ubuntu/catkin_ws/src/hum_running/nodes/hum_running.py[line:361] - INFO: 请解锁
2020-09-29 15:54:18,638 - /home/ubuntu/catkin_ws/src/hum_running/nodes/hum_running.py[line:357] - INFO: 请切换到manual模式
2020-09-29 15:54:18,638 - /home/ubuntu/catkin_ws/src/hum_running/nodes/hum_running.py[line:361] - INFO: 请解锁
2020-09-29 15:55:27,307 - /home/ubuntu/catkin_ws/src/hum_running/nodes/hum_running.py[line:357] - INFO: 请切换到manual模式
2020-09-29 15:55:27,308 - /home/ubuntu/catkin_ws/src/hum_running/nodes/hum_running.py[line:361] - INFO: 请解锁
2020-09-29 16:02:03,836 - /home/ubuntu/catkin_ws/src/hum_running/nodes/hum_running.py[line:357] - INFO: 请切换到manual模式
2020-09-29 16:02:03,836 - /home/ubuntu/catkin_ws/src/hum_running/nodes/hum_running.py[line:361] - INFO: 请解锁
2020-09-29 16:02:41,555 - /home/ubuntu/catkin_ws/src/hum_running/nodes/hum_running.py[line:357] - INFO: 请切换到manual模式
2020-09-29 16:02:41,555 - /home/ubuntu/catkin_ws/src/hum_running/nodes/hum_running.py[line:361] - INFO: 请解锁
2020-09-29 16:05:50,549 - /home/ubuntu/catkin_ws/src/hum_running/nodes/hum_running.py[line:337] - INFO: 遥控模式
2020-09-29 16:05:54,763 - /home/ubuntu/catkin_ws/src/hum_running/nodes/hum_running.py[line:219] - INFO: 延边模式
2020-09-29 16:05:54,763 - /home/ubuntu/catkin_ws/src/hum_running/nodes/hum_running.py[line:256] - INFO: 前往第1个航点:(121.3135163204885, 31.17373206612737)
2020-09-29 16:06:11,821 - /home/ubuntu/catkin_ws/src/hum_running/nodes/hum_running.py[line:337] - INFO: 遥控模式
2020-09-29 16:06:35,616 - /home/ubuntu/catkin_ws/src/hum_running/nodes/hum_running.py[line:361] - INFO: 请解锁
2020-09-29 16:09:37,278 - /home/ubuntu/catkin_ws/src/hum_running/nodes/hum_running.py[line:357] - INFO: 请切换到manual模式
2020-09-29 16:09:37,959 - /home/ubuntu/catkin_ws/src/hum_running/nodes/hum_running.py[line:337] - INFO: 遥控模式
2020-09-29 16:09:41,781 - /home/ubuntu/catkin_ws/src/hum_running/nodes/hum_running.py[line:219] - INFO: 延边模式
2020-09-29 16:09:41,781 - /home/ubuntu/catkin_ws/src/hum_running/nodes/hum_running.py[line:256] - INFO: 前往第1个航点:(121.3135163204885, 31.17373206612737)
2020-09-29 16:09:46,824 - /home/ubuntu/catkin_ws/src/hum_running/nodes/hum_running.py[line:337] - INFO: 遥控模式
